<?xml version="1.0" encoding="UTF-8"?>
<!-- Generated by org.testng.reporters.JUnitReportReporter -->
<testsuite hostname="DESKTOP-40SQSBG" name="trial.Test1" tests="1" failures="0" timestamp="3 Apr 2018 20:17:07 GMT" time="13.475" errors="0">
  <testcase name="login" time="13.475" classname="trial.Test1"/>
</testsuite> <!-- trial.Test1 -->
