<?xml version="1.0" encoding="UTF-8"?>
<!-- Generated by org.testng.reporters.JUnitReportReporter -->
<testsuite hostname="DESKTOP-40SQSBG" name="trial.NewTest" tests="2" failures="0" timestamp="2 Apr 2018 17:49:10 GMT" time="0.015" errors="0">
  <testcase name="a_createcust" time="0.013" classname="trial.NewTest"/>
  <testcase name="c_modifycust" time="0.002" classname="trial.NewTest"/>
</testsuite> <!-- trial.NewTest -->
