<?xml version="1.0" encoding="UTF-8"?>
<!-- Generated by org.testng.reporters.JUnitReportReporter -->
<testsuite hostname="DESKTOP-40SQSBG" name="trial.NewTest1" tests="2" failures="0" timestamp="15 Mar 2018 06:11:32 GMT" time="0.963" errors="0">
  <testcase name="Output" time="0.895" classname="trial.NewTest1"/>
  <testcase name="Para" time="0.068" classname="trial.NewTest1"/>
</testsuite> <!-- trial.NewTest1 -->
