<?xml version="1.0" encoding="UTF-8"?>
<!-- Generated by org.testng.reporters.JUnitReportReporter -->
<testsuite hostname="DESKTOP-40SQSBG" name="trial.NewTest2" tests="1" failures="0" timestamp="15 Mar 2018 18:47:48 GMT" time="26.205" errors="0">
  <testcase name="AddCust" time="26.205" classname="trial.NewTest2"/>
</testsuite> <!-- trial.NewTest2 -->
